#
# There is insufficient memory for the Java Runtime Environment to continue.
# Native memory allocation (malloc) failed to allocate 1258416 bytes for Chunk::new
# Possible reasons:
#   The system is out of physical RAM or swap space
#   The process is running with CompressedOops enabled, and the Java Heap may be blocking the growth of the native heap
# Possible solutions:
#   Reduce memory load on the system
#   Increase physical memory or swap space
#   Check if swap backing store is full
#   Decrease Java heap size (-Xmx/-Xms)
#   Decrease number of Java threads
#   Decrease Java thread stack sizes (-Xss)
#   Set larger code cache with -XX:ReservedCodeCacheSize=
#   JVM is running with Zero Based Compressed Oops mode in which the Java heap is
#     placed in the first 32GB address space. The Java Heap base address is the
#     maximum limit for the native heap growth. Please use -XX:HeapBaseMinAddress
#     to set the Java Heap base and to place the Java Heap above 32GB virtual address.
# This output file may be truncated or incomplete.
#
#  Out of Memory Error (arena.cpp:168), pid=18068, tid=8352
#
# JRE version: Java(TM) SE Runtime Environment (21.0.5+9) (build 21.0.5+9-LTS-239)
# Java VM: Java HotSpot(TM) 64-Bit Server VM (21.0.5+9-LTS-239, mixed mode, sharing, tiered, compressed oops, compressed class ptrs, g1 gc, windows-amd64)
# No core dump will be written. Minidumps are not enabled by default on client versions of Windows
#

---------------  S U M M A R Y ------------

Command Line: --module-path=C:\JavaFX\javafx\javafx-sdk-23.0.1\lib --add-modules=javafx.controls,javafx.fxml -Dfile.encoding=UTF-8 --module-path=C:\Users\Bonjour\eclipse-workspace\KezibriHabib\bin;C:\JavaFX\javafx\javafx-sdk-23.0.1\lib\javafx-swt.jar;C:\JavaFX\javafx\javafx-sdk-23.0.1\lib\javafx.base.jar;C:\JavaFX\javafx\javafx-sdk-23.0.1\lib\javafx.controls.jar;C:\JavaFX\javafx\javafx-sdk-23.0.1\lib\javafx.fxml.jar;C:\JavaFX\javafx\javafx-sdk-23.0.1\lib\javafx.graphics.jar;C:\JavaFX\javafx\javafx-sdk-23.0.1\lib\javafx.media.jar;C:\JavaFX\javafx\javafx-sdk-23.0.1\lib\javafx.swing.jar;C:\JavaFX\javafx\javafx-sdk-23.0.1\lib\javafx.web.jar;C:\Users\Bonjour\.p2\pool\plugins\org.eclipse.fx.ide.css.jfx8_3.10.0.202303150700.jar;C:\JDBC\mysql-connector-j-9.1.0\mysql-connector-j-9.1.0\mysql-connector-j-9.1.0.jar -XX:+ShowCodeDetailsInExceptionMessages -Djdk.module.main=test test/application.Main

Host: 11th Gen Intel(R) Core(TM) i5-1135G7 @ 2.40GHz, 8 cores, 15G,  Windows 11 , 64 bit Build 22621 (10.0.22621.4391)
Time: Wed Nov 20 17:38:44 2024 Romance Standard Time elapsed time: 0.979083 seconds (0d 0h 0m 0s)

---------------  T H R E A D  ---------------

Current thread (0x000002e14fcbb7c0):  JavaThread "C2 CompilerThread0" daemon [_thread_in_native, id=8352, stack(0x000000f27ab00000,0x000000f27ac00000) (1024K)]


Current CompileTask:
C2:    979 1550   !   4       com.sun.javafx.css.ParsedValueImpl::readBinary (691 bytes)

Stack: [0x000000f27ab00000,0x000000f27ac00000]
Native frames: (J=compiled Java code, j=interpreted, Vv=VM code, C=native code)
V  [jvm.dll+0x6ca289]
V  [jvm.dll+0x854a51]
V  [jvm.dll+0x856f7e]
V  [jvm.dll+0x857653]
V  [jvm.dll+0x27dd26]
V  [jvm.dll+0xc4c2d]
V  [jvm.dll+0xc5163]
V  [jvm.dll+0x3b4d3c]
V  [jvm.dll+0x3814b5]
V  [jvm.dll+0x38092a]
V  [jvm.dll+0x246910]
V  [jvm.dll+0x245eef]
V  [jvm.dll+0x1c6d0e]
V  [jvm.dll+0x2554d9]
V  [jvm.dll+0x253a6a]
V  [jvm.dll+0x3ee136]
V  [jvm.dll+0x7fee9b]
V  [jvm.dll+0x6c896d]
C  [ucrtbase.dll+0x29333]
C  [KERNEL32.DLL+0x1259d]
C  [ntdll.dll+0x5af38]


---------------  P R O C E S S  ---------------

Threads class SMR info:
_java_thread_list=0x000002e195dda060, length=18, elements={
0x000002e12e9d9590, 0x000002e14fcb13f0, 0x000002e14fcb1e40, 0x000002e14fcb3dc0,
0x000002e14fcb4940, 0x000002e14fcb7ef0, 0x000002e14fcba560, 0x000002e14fcbb7c0,
0x000002e14fcc3630, 0x000002e1950c8df0, 0x000002e195155000, 0x000002e1959ffce0,
0x000002e1957df220, 0x000002e19584ef40, 0x000002e195ad7770, 0x000002e195c2df50,
0x000002e195b8f440, 0x000002e195d1a300
}

Java Threads: ( => current thread )
  0x000002e12e9d9590 JavaThread "main"                              [_thread_blocked, id=13652, stack(0x000000f279d00000,0x000000f279e00000) (1024K)]
  0x000002e14fcb13f0 JavaThread "Reference Handler"          daemon [_thread_blocked, id=8768, stack(0x000000f27a500000,0x000000f27a600000) (1024K)]
  0x000002e14fcb1e40 JavaThread "Finalizer"                  daemon [_thread_blocked, id=15208, stack(0x000000f27a600000,0x000000f27a700000) (1024K)]
  0x000002e14fcb3dc0 JavaThread "Signal Dispatcher"          daemon [_thread_blocked, id=13668, stack(0x000000f27a700000,0x000000f27a800000) (1024K)]
  0x000002e14fcb4940 JavaThread "Attach Listener"            daemon [_thread_blocked, id=16828, stack(0x000000f27a800000,0x000000f27a900000) (1024K)]
  0x000002e14fcb7ef0 JavaThread "Service Thread"             daemon [_thread_blocked, id=3188, stack(0x000000f27a900000,0x000000f27aa00000) (1024K)]
  0x000002e14fcba560 JavaThread "Monitor Deflation Thread"   daemon [_thread_blocked, id=7888, stack(0x000000f27aa00000,0x000000f27ab00000) (1024K)]
=>0x000002e14fcbb7c0 JavaThread "C2 CompilerThread0"         daemon [_thread_in_native, id=8352, stack(0x000000f27ab00000,0x000000f27ac00000) (1024K)]
  0x000002e14fcc3630 JavaThread "C1 CompilerThread0"         daemon [_thread_in_vm, id=17968, stack(0x000000f27ac00000,0x000000f27ad00000) (1024K)]
  0x000002e1950c8df0 JavaThread "Common-Cleaner"             daemon [_thread_blocked, id=10828, stack(0x000000f27ad00000,0x000000f27ae00000) (1024K)]
  0x000002e195155000 JavaThread "C2 CompilerThread1"         daemon [_thread_blocked, id=19812, stack(0x000000f27ae00000,0x000000f27af00000) (1024K)]
  0x000002e1959ffce0 JavaThread "Notification Thread"        daemon [_thread_blocked, id=4644, stack(0x000000f27b000000,0x000000f27b100000) (1024K)]
  0x000002e1957df220 JavaThread "QuantumRenderer-0"          daemon [_thread_blocked, id=8256, stack(0x000000f27b100000,0x000000f27b200000) (1024K)]
  0x000002e19584ef40 JavaThread "InvokeLaterDispatcher"      daemon [_thread_blocked, id=18080, stack(0x000000f27b200000,0x000000f27b300000) (1024K)]
  0x000002e195ad7770 JavaThread "JavaFX Application Thread"         [_thread_in_Java, id=14000, stack(0x000000f27b300000,0x000000f27b400000) (1024K)]
  0x000002e195c2df50 JavaThread "JavaFX-Launcher"                   [_thread_blocked, id=9748, stack(0x000000f27b400000,0x000000f27b500000) (1024K)]
  0x000002e195b8f440 JavaThread "Thread-2"                   daemon [_thread_in_native, id=18856, stack(0x000000f27af00000,0x000000f27b000000) (1024K)]
  0x000002e195d1a300 JavaThread "C2 CompilerThread2"         daemon [_thread_in_native, id=3572, stack(0x000000f27ba00000,0x000000f27bb00000) (1024K)]
Total: 18

Other Threads:
  0x000002e14fc94000 VMThread "VM Thread"                           [id=15124, stack(0x000000f27a400000,0x000000f27a500000) (1024K)]
  0x000002e14fc7e470 WatcherThread "VM Periodic Task Thread"        [id=14408, stack(0x000000f27a300000,0x000000f27a400000) (1024K)]
  0x000002e12ec40a20 WorkerThread "GC Thread#0"                     [id=13648, stack(0x000000f279e00000,0x000000f279f00000) (1024K)]
  0x000002e14fc943a0 WorkerThread "GC Thread#1"                     [id=19920, stack(0x000000f27b500000,0x000000f27b600000) (1024K)]
  0x000002e14fc94740 WorkerThread "GC Thread#2"                     [id=15988, stack(0x000000f27b600000,0x000000f27b700000) (1024K)]
  0x000002e14fc93180 WorkerThread "GC Thread#3"                     [id=18196, stack(0x000000f27b700000,0x000000f27b800000) (1024K)]
  0x000002e14fc938c0 WorkerThread "GC Thread#4"                     [id=18632, stack(0x000000f27b800000,0x000000f27b900000) (1024K)]
  0x000002e14fc94ae0 WorkerThread "GC Thread#5"                     [id=2024, stack(0x000000f27b900000,0x000000f27ba00000) (1024K)]
  0x000002e12ec52df0 ConcurrentGCThread "G1 Main Marker"            [id=12348, stack(0x000000f279f00000,0x000000f27a000000) (1024K)]
  0x000002e12ec539a0 WorkerThread "G1 Conc#0"                       [id=18972, stack(0x000000f27a000000,0x000000f27a100000) (1024K)]
  0x000002e14fb50570 ConcurrentGCThread "G1 Refine#0"               [id=4156, stack(0x000000f27a100000,0x000000f27a200000) (1024K)]
  0x000002e12ec9e960 ConcurrentGCThread "G1 Service"                [id=20164, stack(0x000000f27a200000,0x000000f27a300000) (1024K)]
Total: 12

Threads with active compile tasks:
C2 CompilerThread0     1005 1550   !   4       com.sun.javafx.css.ParsedValueImpl::readBinary (691 bytes)
C2 CompilerThread2     1005 1723       4       java.nio.HeapByteBuffer::get (14 bytes)
Total: 2

VM state: not at safepoint (normal execution)

VM Mutex/Monitor currently owned by a thread: None

Heap address: 0x0000000703200000, size: 4046 MB, Compressed Oops mode: Zero based, Oop shift amount: 3

CDS archive(s) mapped at: [0x000002e150000000-0x000002e150c90000-0x000002e150c90000), size 13172736, SharedBaseAddress: 0x000002e150000000, ArchiveRelocationMode: 1.
Compressed class space mapped at: 0x000002e151000000-0x000002e191000000, reserved size: 1073741824
Narrow klass base: 0x000002e150000000, Narrow klass shift: 0, Narrow klass range: 0x100000000

GC Precious Log:
 CardTable entry size: 512
 Card Set container configuration: InlinePtr #cards 4 size 8 Array Of Cards #cards 16 size 48 Howl #buckets 8 coarsen threshold 3686 Howl Bitmap #cards 512 size 80 coarsen threshold 460 Card regions per heap region 1 cards per card region 4096
 CPUs: 8 total, 8 available
 Memory: 16183M
 Large Page Support: Disabled
 NUMA Support: Disabled
 Compressed Oops: Enabled (Zero based)
 Heap Region Size: 2M
 Heap Min Capacity: 8M
 Heap Initial Capacity: 254M
 Heap Max Capacity: 4046M
 Pre-touch: Disabled
 Parallel Workers: 8
 Concurrent Workers: 2
 Concurrent Refinement Workers: 8
 Periodic GC: Disabled

Heap:
 garbage-first heap   total 260096K, used 30648K [0x0000000703200000, 0x0000000800000000)
  region size 2048K, 16 young (32768K), 1 survivors (2048K)
 Metaspace       used 9165K, committed 9472K, reserved 1114112K
  class space    used 1159K, committed 1280K, reserved 1048576K

Heap Regions: E=young(eden), S=young(survivor), O=old, HS=humongous(starts), HC=humongous(continues), CS=collection set, F=free, TAMS=top-at-mark-start, PB=parsable bottom
|   0|0x0000000703200000, 0x0000000703200000, 0x0000000703400000|  0%| F|  |TAMS 0x0000000703200000| PB 0x0000000703200000| Untracked 
|   1|0x0000000703400000, 0x0000000703400000, 0x0000000703600000|  0%| F|  |TAMS 0x0000000703400000| PB 0x0000000703400000| Untracked 
|   2|0x0000000703600000, 0x0000000703600000, 0x0000000703800000|  0%| F|  |TAMS 0x0000000703600000| PB 0x0000000703600000| Untracked 
|   3|0x0000000703800000, 0x0000000703800000, 0x0000000703a00000|  0%| F|  |TAMS 0x0000000703800000| PB 0x0000000703800000| Untracked 
|   4|0x0000000703a00000, 0x0000000703a00000, 0x0000000703c00000|  0%| F|  |TAMS 0x0000000703a00000| PB 0x0000000703a00000| Untracked 
|   5|0x0000000703c00000, 0x0000000703c00000, 0x0000000703e00000|  0%| F|  |TAMS 0x0000000703c00000| PB 0x0000000703c00000| Untracked 
|   6|0x0000000703e00000, 0x0000000703e00000, 0x0000000704000000|  0%| F|  |TAMS 0x0000000703e00000| PB 0x0000000703e00000| Untracked 
|   7|0x0000000704000000, 0x0000000704000000, 0x0000000704200000|  0%| F|  |TAMS 0x0000000704000000| PB 0x0000000704000000| Untracked 
|   8|0x0000000704200000, 0x0000000704200000, 0x0000000704400000|  0%| F|  |TAMS 0x0000000704200000| PB 0x0000000704200000| Untracked 
|   9|0x0000000704400000, 0x0000000704400000, 0x0000000704600000|  0%| F|  |TAMS 0x0000000704400000| PB 0x0000000704400000| Untracked 
|  10|0x0000000704600000, 0x0000000704600000, 0x0000000704800000|  0%| F|  |TAMS 0x0000000704600000| PB 0x0000000704600000| Untracked 
|  11|0x0000000704800000, 0x0000000704800000, 0x0000000704a00000|  0%| F|  |TAMS 0x0000000704800000| PB 0x0000000704800000| Untracked 
|  12|0x0000000704a00000, 0x0000000704a00000, 0x0000000704c00000|  0%| F|  |TAMS 0x0000000704a00000| PB 0x0000000704a00000| Untracked 
|  13|0x0000000704c00000, 0x0000000704c00000, 0x0000000704e00000|  0%| F|  |TAMS 0x0000000704c00000| PB 0x0000000704c00000| Untracked 
|  14|0x0000000704e00000, 0x0000000704e00000, 0x0000000705000000|  0%| F|  |TAMS 0x0000000704e00000| PB 0x0000000704e00000| Untracked 
|  15|0x0000000705000000, 0x0000000705000000, 0x0000000705200000|  0%| F|  |TAMS 0x0000000705000000| PB 0x0000000705000000| Untracked 
|  16|0x0000000705200000, 0x0000000705200000, 0x0000000705400000|  0%| F|  |TAMS 0x0000000705200000| PB 0x0000000705200000| Untracked 
|  17|0x0000000705400000, 0x0000000705400000, 0x0000000705600000|  0%| F|  |TAMS 0x0000000705400000| PB 0x0000000705400000| Untracked 
|  18|0x0000000705600000, 0x0000000705600000, 0x0000000705800000|  0%| F|  |TAMS 0x0000000705600000| PB 0x0000000705600000| Untracked 
|  19|0x0000000705800000, 0x0000000705800000, 0x0000000705a00000|  0%| F|  |TAMS 0x0000000705800000| PB 0x0000000705800000| Untracked 
|  20|0x0000000705a00000, 0x0000000705a00000, 0x0000000705c00000|  0%| F|  |TAMS 0x0000000705a00000| PB 0x0000000705a00000| Untracked 
|  21|0x0000000705c00000, 0x0000000705c00000, 0x0000000705e00000|  0%| F|  |TAMS 0x0000000705c00000| PB 0x0000000705c00000| Untracked 
|  22|0x0000000705e00000, 0x0000000705e00000, 0x0000000706000000|  0%| F|  |TAMS 0x0000000705e00000| PB 0x0000000705e00000| Untracked 
|  23|0x0000000706000000, 0x0000000706000000, 0x0000000706200000|  0%| F|  |TAMS 0x0000000706000000| PB 0x0000000706000000| Untracked 
|  24|0x0000000706200000, 0x0000000706200000, 0x0000000706400000|  0%| F|  |TAMS 0x0000000706200000| PB 0x0000000706200000| Untracked 
|  25|0x0000000706400000, 0x0000000706400000, 0x0000000706600000|  0%| F|  |TAMS 0x0000000706400000| PB 0x0000000706400000| Untracked 
|  26|0x0000000706600000, 0x0000000706600000, 0x0000000706800000|  0%| F|  |TAMS 0x0000000706600000| PB 0x0000000706600000| Untracked 
|  27|0x0000000706800000, 0x0000000706800000, 0x0000000706a00000|  0%| F|  |TAMS 0x0000000706800000| PB 0x0000000706800000| Untracked 
|  28|0x0000000706a00000, 0x0000000706a00000, 0x0000000706c00000|  0%| F|  |TAMS 0x0000000706a00000| PB 0x0000000706a00000| Untracked 
|  29|0x0000000706c00000, 0x0000000706c00000, 0x0000000706e00000|  0%| F|  |TAMS 0x0000000706c00000| PB 0x0000000706c00000| Untracked 
|  30|0x0000000706e00000, 0x0000000706e00000, 0x0000000707000000|  0%| F|  |TAMS 0x0000000706e00000| PB 0x0000000706e00000| Untracked 
|  31|0x0000000707000000, 0x0000000707000000, 0x0000000707200000|  0%| F|  |TAMS 0x0000000707000000| PB 0x0000000707000000| Untracked 
|  32|0x0000000707200000, 0x0000000707200000, 0x0000000707400000|  0%| F|  |TAMS 0x0000000707200000| PB 0x0000000707200000| Untracked 
|  33|0x0000000707400000, 0x0000000707400000, 0x0000000707600000|  0%| F|  |TAMS 0x0000000707400000| PB 0x0000000707400000| Untracked 
|  34|0x0000000707600000, 0x0000000707600000, 0x0000000707800000|  0%| F|  |TAMS 0x0000000707600000| PB 0x0000000707600000| Untracked 
|  35|0x0000000707800000, 0x0000000707800000, 0x0000000707a00000|  0%| F|  |TAMS 0x0000000707800000| PB 0x0000000707800000| Untracked 
|  36|0x0000000707a00000, 0x0000000707a00000, 0x0000000707c00000|  0%| F|  |TAMS 0x0000000707a00000| PB 0x0000000707a00000| Untracked 
|  37|0x0000000707c00000, 0x0000000707c00000, 0x0000000707e00000|  0%| F|  |TAMS 0x0000000707c00000| PB 0x0000000707c00000| Untracked 
|  38|0x0000000707e00000, 0x0000000707e00000, 0x0000000708000000|  0%| F|  |TAMS 0x0000000707e00000| PB 0x0000000707e00000| Untracked 
|  39|0x0000000708000000, 0x0000000708000000, 0x0000000708200000|  0%| F|  |TAMS 0x0000000708000000| PB 0x0000000708000000| Untracked 
|  40|0x0000000708200000, 0x0000000708200000, 0x0000000708400000|  0%| F|  |TAMS 0x0000000708200000| PB 0x0000000708200000| Untracked 
|  41|0x0000000708400000, 0x0000000708400000, 0x0000000708600000|  0%| F|  |TAMS 0x0000000708400000| PB 0x0000000708400000| Untracked 
|  42|0x0000000708600000, 0x0000000708600000, 0x0000000708800000|  0%| F|  |TAMS 0x0000000708600000| PB 0x0000000708600000| Untracked 
|  43|0x0000000708800000, 0x0000000708800000, 0x0000000708a00000|  0%| F|  |TAMS 0x0000000708800000| PB 0x0000000708800000| Untracked 
|  44|0x0000000708a00000, 0x0000000708a00000, 0x0000000708c00000|  0%| F|  |TAMS 0x0000000708a00000| PB 0x0000000708a00000| Untracked 
|  45|0x0000000708c00000, 0x0000000708c00000, 0x0000000708e00000|  0%| F|  |TAMS 0x0000000708c00000| PB 0x0000000708c00000| Untracked 
|  46|0x0000000708e00000, 0x0000000708e00000, 0x0000000709000000|  0%| F|  |TAMS 0x0000000708e00000| PB 0x0000000708e00000| Untracked 
|  47|0x0000000709000000, 0x0000000709000000, 0x0000000709200000|  0%| F|  |TAMS 0x0000000709000000| PB 0x0000000709000000| Untracked 
|  48|0x0000000709200000, 0x0000000709200000, 0x0000000709400000|  0%| F|  |TAMS 0x0000000709200000| PB 0x0000000709200000| Untracked 
|  49|0x0000000709400000, 0x0000000709400000, 0x0000000709600000|  0%| F|  |TAMS 0x0000000709400000| PB 0x0000000709400000| Untracked 
|  50|0x0000000709600000, 0x0000000709600000, 0x0000000709800000|  0%| F|  |TAMS 0x0000000709600000| PB 0x0000000709600000| Untracked 
|  51|0x0000000709800000, 0x0000000709800000, 0x0000000709a00000|  0%| F|  |TAMS 0x0000000709800000| PB 0x0000000709800000| Untracked 
|  52|0x0000000709a00000, 0x0000000709a00000, 0x0000000709c00000|  0%| F|  |TAMS 0x0000000709a00000| PB 0x0000000709a00000| Untracked 
|  53|0x0000000709c00000, 0x0000000709c00000, 0x0000000709e00000|  0%| F|  |TAMS 0x0000000709c00000| PB 0x0000000709c00000| Untracked 
|  54|0x0000000709e00000, 0x0000000709e00000, 0x000000070a000000|  0%| F|  |TAMS 0x0000000709e00000| PB 0x0000000709e00000| Untracked 
|  55|0x000000070a000000, 0x000000070a000000, 0x000000070a200000|  0%| F|  |TAMS 0x000000070a000000| PB 0x000000070a000000| Untracked 
|  56|0x000000070a200000, 0x000000070a200000, 0x000000070a400000|  0%| F|  |TAMS 0x000000070a200000| PB 0x000000070a200000| Untracked 
|  57|0x000000070a400000, 0x000000070a400000, 0x000000070a600000|  0%| F|  |TAMS 0x000000070a400000| PB 0x000000070a400000| Untracked 
|  58|0x000000070a600000, 0x000000070a600000, 0x000000070a800000|  0%| F|  |TAMS 0x000000070a600000| PB 0x000000070a600000| Untracked 
|  59|0x000000070a800000, 0x000000070a800000, 0x000000070aa00000|  0%| F|  |TAMS 0x000000070a800000| PB 0x000000070a800000| Untracked 
|  60|0x000000070aa00000, 0x000000070aa00000, 0x000000070ac00000|  0%| F|  |TAMS 0x000000070aa00000| PB 0x000000070aa00000| Untracked 
|  61|0x000000070ac00000, 0x000000070ac00000, 0x000000070ae00000|  0%| F|  |TAMS 0x000000070ac00000| PB 0x000000070ac00000| Untracked 
|  62|0x000000070ae00000, 0x000000070ae00000, 0x000000070b000000|  0%| F|  |TAMS 0x000000070ae00000| PB 0x000000070ae00000| Untracked 
|  63|0x000000070b000000, 0x000000070b000000, 0x000000070b200000|  0%| F|  |TAMS 0x000000070b000000| PB 0x000000070b000000| Untracked 
|  64|0x000000070b200000, 0x000000070b200000, 0x000000070b400000|  0%| F|  |TAMS 0x000000070b200000| PB 0x000000070b200000| Untracked 
|  65|0x000000070b400000, 0x000000070b400000, 0x000000070b600000|  0%| F|  |TAMS 0x000000070b400000| PB 0x000000070b400000| Untracked 
|  66|0x000000070b600000, 0x000000070b600000, 0x000000070b800000|  0%| F|  |TAMS 0x000000070b600000| PB 0x000000070b600000| Untracked 
|  67|0x000000070b800000, 0x000000070b800000, 0x000000070ba00000|  0%| F|  |TAMS 0x000000070b800000| PB 0x000000070b800000| Untracked 
|  68|0x000000070ba00000, 0x000000070ba00000, 0x000000070bc00000|  0%| F|  |TAMS 0x000000070ba00000| PB 0x000000070ba00000| Untracked 
|  69|0x000000070bc00000, 0x000000070bc00000, 0x000000070be00000|  0%| F|  |TAMS 0x000000070bc00000| PB 0x000000070bc00000| Untracked 
|  70|0x000000070be00000, 0x000000070be00000, 0x000000070c000000|  0%| F|  |TAMS 0x000000070be00000| PB 0x000000070be00000| Untracked 
|  71|0x000000070c000000, 0x000000070c000000, 0x000000070c200000|  0%| F|  |TAMS 0x000000070c000000| PB 0x000000070c000000| Untracked 
|  72|0x000000070c200000, 0x000000070c200000, 0x000000070c400000|  0%| F|  |TAMS 0x000000070c200000| PB 0x000000070c200000| Untracked 
|  73|0x000000070c400000, 0x000000070c400000, 0x000000070c600000|  0%| F|  |TAMS 0x000000070c400000| PB 0x000000070c400000| Untracked 
|  74|0x000000070c600000, 0x000000070c600000, 0x000000070c800000|  0%| F|  |TAMS 0x000000070c600000| PB 0x000000070c600000| Untracked 
|  75|0x000000070c800000, 0x000000070c800000, 0x000000070ca00000|  0%| F|  |TAMS 0x000000070c800000| PB 0x000000070c800000| Untracked 
|  76|0x000000070ca00000, 0x000000070ca00000, 0x000000070cc00000|  0%| F|  |TAMS 0x000000070ca00000| PB 0x000000070ca00000| Untracked 
|  77|0x000000070cc00000, 0x000000070cc00000, 0x000000070ce00000|  0%| F|  |TAMS 0x000000070cc00000| PB 0x000000070cc00000| Untracked 
|  78|0x000000070ce00000, 0x000000070ce00000, 0x000000070d000000|  0%| F|  |TAMS 0x000000070ce00000| PB 0x000000070ce00000| Untracked 
|  79|0x000000070d000000, 0x000000070d000000, 0x000000070d200000|  0%| F|  |TAMS 0x000000070d000000| PB 0x000000070d000000| Untracked 
|  80|0x000000070d200000, 0x000000070d200000, 0x000000070d400000|  0%| F|  |TAMS 0x000000070d200000| PB 0x000000070d200000| Untracked 
|  81|0x000000070d400000, 0x000000070d400000, 0x000000070d600000|  0%| F|  |TAMS 0x000000070d400000| PB 0x000000070d400000| Untracked 
|  82|0x000000070d600000, 0x000000070d600000, 0x000000070d800000|  0%| F|  |TAMS 0x000000070d600000| PB 0x000000070d600000| Untracked 
|  83|0x000000070d800000, 0x000000070d800000, 0x000000070da00000|  0%| F|  |TAMS 0x000000070d800000| PB 0x000000070d800000| Untracked 
|  84|0x000000070da00000, 0x000000070da00000, 0x000000070dc00000|  0%| F|  |TAMS 0x000000070da00000| PB 0x000000070da00000| Untracked 
|  85|0x000000070dc00000, 0x000000070dc00000, 0x000000070de00000|  0%| F|  |TAMS 0x000000070dc00000| PB 0x000000070dc00000| Untracked 
|  86|0x000000070de00000, 0x000000070de00000, 0x000000070e000000|  0%| F|  |TAMS 0x000000070de00000| PB 0x000000070de00000| Untracked 
|  87|0x000000070e000000, 0x000000070e000000, 0x000000070e200000|  0%| F|  |TAMS 0x000000070e000000| PB 0x000000070e000000| Untracked 
|  88|0x000000070e200000, 0x000000070e200000, 0x000000070e400000|  0%| F|  |TAMS 0x000000070e200000| PB 0x000000070e200000| Untracked 
|  89|0x000000070e400000, 0x000000070e400000, 0x000000070e600000|  0%| F|  |TAMS 0x000000070e400000| PB 0x000000070e400000| Untracked 
|  90|0x000000070e600000, 0x000000070e600000, 0x000000070e800000|  0%| F|  |TAMS 0x000000070e600000| PB 0x000000070e600000| Untracked 
|  91|0x000000070e800000, 0x000000070e800000, 0x000000070ea00000|  0%| F|  |TAMS 0x000000070e800000| PB 0x000000070e800000| Untracked 
|  92|0x000000070ea00000, 0x000000070ea00000, 0x000000070ec00000|  0%| F|  |TAMS 0x000000070ea00000| PB 0x000000070ea00000| Untracked 
|  93|0x000000070ec00000, 0x000000070ec00000, 0x000000070ee00000|  0%| F|  |TAMS 0x000000070ec00000| PB 0x000000070ec00000| Untracked 
|  94|0x000000070ee00000, 0x000000070ee00000, 0x000000070f000000|  0%| F|  |TAMS 0x000000070ee00000| PB 0x000000070ee00000| Untracked 
|  95|0x000000070f000000, 0x000000070f000000, 0x000000070f200000|  0%| F|  |TAMS 0x000000070f000000| PB 0x000000070f000000| Untracked 
|  96|0x000000070f200000, 0x000000070f200000, 0x000000070f400000|  0%| F|  |TAMS 0x000000070f200000| PB 0x000000070f200000| Untracked 
|  97|0x000000070f400000, 0x000000070f400000, 0x000000070f600000|  0%| F|  |TAMS 0x000000070f400000| PB 0x000000070f400000| Untracked 
|  98|0x000000070f600000, 0x000000070f600000, 0x000000070f800000|  0%| F|  |TAMS 0x000000070f600000| PB 0x000000070f600000| Untracked 
|  99|0x000000070f800000, 0x000000070f800000, 0x000000070fa00000|  0%| F|  |TAMS 0x000000070f800000| PB 0x000000070f800000| Untracked 
| 100|0x000000070fa00000, 0x000000070fa00000, 0x000000070fc00000|  0%| F|  |TAMS 0x000000070fa00000| PB 0x000000070fa00000| Untracked 
| 101|0x000000070fc00000, 0x000000070fc00000, 0x000000070fe00000|  0%| F|  |TAMS 0x000000070fc00000| PB 0x000000070fc00000| Untracked 
| 102|0x000000070fe00000, 0x000000070fe00000, 0x0000000710000000|  0%| F|  |TAMS 0x000000070fe00000| PB 0x000000070fe00000| Untracked 
| 103|0x0000000710000000, 0x0000000710000000, 0x0000000710200000|  0%| F|  |TAMS 0x0000000710000000| PB 0x0000000710000000| Untracked 
| 104|0x0000000710200000, 0x0000000710200000, 0x0000000710400000|  0%| F|  |TAMS 0x0000000710200000| PB 0x0000000710200000| Untracked 
| 105|0x0000000710400000, 0x0000000710400000, 0x0000000710600000|  0%| F|  |TAMS 0x0000000710400000| PB 0x0000000710400000| Untracked 
| 106|0x0000000710600000, 0x0000000710600000, 0x0000000710800000|  0%| F|  |TAMS 0x0000000710600000| PB 0x0000000710600000| Untracked 
| 107|0x0000000710800000, 0x0000000710800000, 0x0000000710a00000|  0%| F|  |TAMS 0x0000000710800000| PB 0x0000000710800000| Untracked 
| 108|0x0000000710a00000, 0x0000000710a00000, 0x0000000710c00000|  0%| F|  |TAMS 0x0000000710a00000| PB 0x0000000710a00000| Untracked 
| 109|0x0000000710c00000, 0x0000000710c00000, 0x0000000710e00000|  0%| F|  |TAMS 0x0000000710c00000| PB 0x0000000710c00000| Untracked 
| 110|0x0000000710e00000, 0x0000000710e00000, 0x0000000711000000|  0%| F|  |TAMS 0x0000000710e00000| PB 0x0000000710e00000| Untracked 
| 111|0x0000000711000000, 0x00000007110fba60, 0x0000000711200000| 49%| E|  |TAMS 0x0000000711000000| PB 0x0000000711000000| Complete 
| 112|0x0000000711200000, 0x0000000711400000, 0x0000000711400000|100%| E|CS|TAMS 0x0000000711200000| PB 0x0000000711200000| Complete 
| 113|0x0000000711400000, 0x0000000711600000, 0x0000000711600000|100%| E|CS|TAMS 0x0000000711400000| PB 0x0000000711400000| Complete 
| 114|0x0000000711600000, 0x0000000711800000, 0x0000000711800000|100%| E|CS|TAMS 0x0000000711600000| PB 0x0000000711600000| Complete 
| 115|0x0000000711800000, 0x00000007119ee3d0, 0x0000000711a00000| 96%| S|CS|TAMS 0x0000000711800000| PB 0x0000000711800000| Complete 
| 116|0x0000000711a00000, 0x0000000711c00000, 0x0000000711c00000|100%| E|CS|TAMS 0x0000000711a00000| PB 0x0000000711a00000| Complete 
| 117|0x0000000711c00000, 0x0000000711e00000, 0x0000000711e00000|100%| E|CS|TAMS 0x0000000711c00000| PB 0x0000000711c00000| Complete 
| 118|0x0000000711e00000, 0x0000000712000000, 0x0000000712000000|100%| E|CS|TAMS 0x0000000711e00000| PB 0x0000000711e00000| Complete 
| 119|0x0000000712000000, 0x0000000712200000, 0x0000000712200000|100%| E|CS|TAMS 0x0000000712000000| PB 0x0000000712000000| Complete 
| 120|0x0000000712200000, 0x0000000712400000, 0x0000000712400000|100%| E|CS|TAMS 0x0000000712200000| PB 0x0000000712200000| Complete 
| 121|0x0000000712400000, 0x0000000712600000, 0x0000000712600000|100%| E|CS|TAMS 0x0000000712400000| PB 0x0000000712400000| Complete 
| 122|0x0000000712600000, 0x0000000712800000, 0x0000000712800000|100%| E|CS|TAMS 0x0000000712600000| PB 0x0000000712600000| Complete 
| 123|0x0000000712800000, 0x0000000712a00000, 0x0000000712a00000|100%| E|CS|TAMS 0x0000000712800000| PB 0x0000000712800000| Complete 
| 124|0x0000000712a00000, 0x0000000712c00000, 0x0000000712c00000|100%| E|CS|TAMS 0x0000000712a00000| PB 0x0000000712a00000| Complete 
| 125|0x0000000712c00000, 0x0000000712e00000, 0x0000000712e00000|100%| E|CS|TAMS 0x0000000712c00000| PB 0x0000000712c00000| Complete 
| 126|0x0000000712e00000, 0x0000000713000000, 0x0000000713000000|100%| E|CS|TAMS 0x0000000712e00000| PB 0x0000000712e00000| Complete 

Card table byte_map: [0x000002e148ac0000,0x000002e1492b0000] _byte_map_base: 0x000002e1452a7000

Marking Bits: (CMBitMap*) 0x000002e12ec41020
 Bits: [0x000002e1492b0000, 0x000002e14d1e8000)

Polling page: 0x000002e12eca0000

Metaspace:

Usage:
  Non-class:      7.83 MB used.
      Class:      1.13 MB used.
       Both:      8.96 MB used.

Virtual space:
  Non-class space:       64.00 MB reserved,       8.00 MB ( 12%) committed,  1 nodes.
      Class space:        1.00 GB reserved,       1.25 MB ( <1%) committed,  1 nodes.
             Both:        1.06 GB reserved,       9.25 MB ( <1%) committed. 

Chunk freelists:
   Non-Class:  7.33 MB
       Class:  14.59 MB
        Both:  21.92 MB

MaxMetaspaceSize: unlimited
CompressedClassSpaceSize: 1.00 GB
Initial GC threshold: 21.00 MB
Current GC threshold: 21.00 MB
CDS: on
 - commit_granule_bytes: 65536.
 - commit_granule_words: 8192.
 - virtual_space_node_default_size: 8388608.
 - enlarge_chunks_in_place: 1.
 - use_allocation_guard: 0.


Internal statistics:

num_allocs_failed_limit: 0.
num_arena_births: 302.
num_arena_deaths: 0.
num_vsnodes_births: 2.
num_vsnodes_deaths: 0.
num_space_committed: 148.
num_space_uncommitted: 0.
num_chunks_returned_to_freelist: 0.
num_chunks_taken_from_freelist: 580.
num_chunk_merges: 0.
num_chunk_splits: 386.
num_chunks_enlarged: 242.
num_inconsistent_stats: 0.

CodeHeap 'non-profiled nmethods': size=120000Kb used=680Kb max_used=680Kb free=119319Kb
 bounds [0x000002e140340000, 0x000002e1405b0000, 0x000002e147870000]
CodeHeap 'profiled nmethods': size=120000Kb used=3120Kb max_used=3120Kb free=116879Kb
 bounds [0x000002e138870000, 0x000002e138b80000, 0x000002e13fda0000]
CodeHeap 'non-nmethods': size=5760Kb used=1656Kb max_used=1673Kb free=4103Kb
 bounds [0x000002e13fda0000, 0x000002e140010000, 0x000002e140340000]
 total_blobs=2303 nmethods=1732 adapters=476
 compilation: enabled
              stopped_count=0, restarted_count=0
 full_count=0

Compilation events (20 events):
Event: 0.960 Thread 0x000002e14fcc3630 nmethod 1677 0x000002e138b59010 code [0x000002e138b591e0, 0x000002e138b594b8]
Event: 0.960 Thread 0x000002e14fcc3630 1678       3       jdk.internal.jimage.ImageStringsReader::unmaskedHashCode (166 bytes)
Event: 0.960 Thread 0x000002e195d1a300 1679       4       java.nio.DirectByteBuffer::ix (10 bytes)
Event: 0.961 Thread 0x000002e14fcc3630 nmethod 1678 0x000002e138b59610 code [0x000002e138b59860, 0x000002e138b5a388]
Event: 0.962 Thread 0x000002e14fcc3630 1680       3       jdk.internal.module.ModuleReferences$JarModuleReader::implFind (113 bytes)
Event: 0.962 Thread 0x000002e195d1a300 nmethod 1679 0x000002e1403e7310 code [0x000002e1403e7480, 0x000002e1403e7510]
Event: 0.964 Thread 0x000002e14fcc3630 nmethod 1680 0x000002e138b5a890 code [0x000002e138b5ad00, 0x000002e138b5caf8]
Event: 0.964 Thread 0x000002e14fcc3630 1674       3       java.lang.invoke.MethodType::isConvertibleTo (164 bytes)
Event: 0.965 Thread 0x000002e14fcc3630 nmethod 1674 0x000002e138b5d610 code [0x000002e138b5d860, 0x000002e138b5e1c0]
Event: 0.965 Thread 0x000002e14fcc3630 1681       3       java.lang.StringLatin1::toLowerCase (186 bytes)
Event: 0.966 Thread 0x000002e195155000 1682       4       java.lang.CharacterDataLatin1::toLowerCase (44 bytes)
Event: 0.966 Thread 0x000002e14fcc3630 nmethod 1681 0x000002e138b5e490 code [0x000002e138b5e700, 0x000002e138b5f218]
Event: 0.966 Thread 0x000002e195155000 nmethod 1682 0x000002e1403e7610 code [0x000002e1403e7780, 0x000002e1403e7840]
Event: 0.967 Thread 0x000002e14fcc3630 1683       3       java.lang.String::toLowerCase (29 bytes)
Event: 0.968 Thread 0x000002e14fcc3630 nmethod 1683 0x000002e138b5f610 code [0x000002e138b5f7e0, 0x000002e138b5faa8]
Event: 0.968 Thread 0x000002e14fcc3630 1684       3       java.util.ArrayList::<init> (61 bytes)
Event: 0.969 Thread 0x000002e14fcc3630 nmethod 1684 0x000002e138b5fb90 code [0x000002e138b5fde0, 0x000002e138b606d0]
Event: 0.972 Thread 0x000002e14fcc3630 1685       1       com.sun.javafx.tk.quantum.QuantumToolkit$PulseTask::get (5 bytes)
Event: 0.972 Thread 0x000002e14fcc3630 nmethod 1685 0x000002e1403e7910 code [0x000002e1403e7aa0, 0x000002e1403e7b70]
Event: 0.973 Thread 0x000002e195d1a300 1686       4       java.lang.StringLatin1::toLowerCase (186 bytes)

GC Heap History (2 events):
Event: 0.501 GC heap before
{Heap before GC invocations=0 (full 0):
 garbage-first heap   total 260096K, used 22528K [0x0000000703200000, 0x0000000800000000)
  region size 2048K, 11 young (22528K), 0 survivors (0K)
 Metaspace       used 4237K, committed 4480K, reserved 1114112K
  class space    used 522K, committed 640K, reserved 1048576K
}
Event: 0.504 GC heap after
{Heap after GC invocations=1 (full 0):
 garbage-first heap   total 260096K, used 1976K [0x0000000703200000, 0x0000000800000000)
  region size 2048K, 1 young (2048K), 1 survivors (2048K)
 Metaspace       used 4237K, committed 4480K, reserved 1114112K
  class space    used 522K, committed 640K, reserved 1048576K
}

Dll operation events (20 events):
Event: 0.278 Loaded shared library C:\JavaFX\javafx\javafx-sdk-23.0.1\bin\api-ms-win-crt-locale-l1-1-0.dll
Event: 0.279 Loaded shared library C:\JavaFX\javafx\javafx-sdk-23.0.1\bin\api-ms-win-crt-math-l1-1-0.dll
Event: 0.280 Loaded shared library C:\JavaFX\javafx\javafx-sdk-23.0.1\bin\api-ms-win-crt-multibyte-l1-1-0.dll
Event: 0.280 Loaded shared library C:\JavaFX\javafx\javafx-sdk-23.0.1\bin\api-ms-win-crt-private-l1-1-0.dll
Event: 0.281 Loaded shared library C:\JavaFX\javafx\javafx-sdk-23.0.1\bin\api-ms-win-crt-process-l1-1-0.dll
Event: 0.282 Loaded shared library C:\JavaFX\javafx\javafx-sdk-23.0.1\bin\api-ms-win-crt-runtime-l1-1-0.dll
Event: 0.283 Loaded shared library C:\JavaFX\javafx\javafx-sdk-23.0.1\bin\api-ms-win-crt-stdio-l1-1-0.dll
Event: 0.284 Loaded shared library C:\JavaFX\javafx\javafx-sdk-23.0.1\bin\api-ms-win-crt-string-l1-1-0.dll
Event: 0.285 Loaded shared library C:\JavaFX\javafx\javafx-sdk-23.0.1\bin\api-ms-win-crt-time-l1-1-0.dll
Event: 0.286 Loaded shared library C:\JavaFX\javafx\javafx-sdk-23.0.1\bin\api-ms-win-crt-utility-l1-1-0.dll
Event: 0.287 Loaded shared library C:\JavaFX\javafx\javafx-sdk-23.0.1\bin\ucrtbase.dll
Event: 0.288 Loaded shared library C:\JavaFX\javafx\javafx-sdk-23.0.1\bin\vcruntime140.dll
Event: 0.289 Loaded shared library C:\JavaFX\javafx\javafx-sdk-23.0.1\bin\vcruntime140_1.dll
Event: 0.290 Loaded shared library C:\JavaFX\javafx\javafx-sdk-23.0.1\bin\msvcp140.dll
Event: 0.290 Loaded shared library C:\JavaFX\javafx\javafx-sdk-23.0.1\bin\msvcp140_1.dll
Event: 0.291 Loaded shared library C:\JavaFX\javafx\javafx-sdk-23.0.1\bin\msvcp140_2.dll
Event: 0.318 Loaded shared library C:\JavaFX\javafx\javafx-sdk-23.0.1\bin\prism_d3d.dll
Event: 0.353 Loaded shared library C:\JavaFX\javafx\javafx-sdk-23.0.1\bin\glass.dll
Event: 0.506 Loaded shared library C:\Program Files\Java\jdk-21\bin\jimage.dll
Event: 0.813 Loaded shared library C:\JavaFX\javafx\javafx-sdk-23.0.1\bin\javafx_font.dll

Deoptimization events (20 events):
Event: 0.869 Thread 0x000002e195ad7770 Uncommon trap: trap_request=0xffffffc6 fr.pc=0x000002e1403d1e1c relative=0x00000000000016bc
Event: 0.869 Thread 0x000002e195ad7770 Uncommon trap: reason=bimorphic_or_optimized_type_check action=maybe_recompile pc=0x000002e1403d1e1c method=java.io.DataInputStream.readFully([BII)V @ 30 c2
Event: 0.869 Thread 0x000002e195ad7770 DEOPT PACKING pc=0x000002e1403d1e1c sp=0x000000f27b3fc3a0
Event: 0.869 Thread 0x000002e195ad7770 DEOPT UNPACKING pc=0x000002e13fdf7da2 sp=0x000000f27b3fc3a8 mode 2
Event: 0.896 Thread 0x000002e195ad7770 Uncommon trap: trap_request=0xffffff3d fr.pc=0x000002e14039cbb8 relative=0x0000000000000bb8
Event: 0.896 Thread 0x000002e195ad7770 Uncommon trap: reason=unstable_fused_if action=reinterpret pc=0x000002e14039cbb8 method=java.util.HashMap.resize()[Ljava/util/HashMap$Node; @ 31 c2
Event: 0.896 Thread 0x000002e195ad7770 DEOPT PACKING pc=0x000002e14039cbb8 sp=0x000000f27b3fd4b0
Event: 0.896 Thread 0x000002e195ad7770 DEOPT UNPACKING pc=0x000002e13fdf7da2 sp=0x000000f27b3fd438 mode 2
Event: 0.900 Thread 0x000002e195ad7770 Uncommon trap: trap_request=0xffffffde fr.pc=0x000002e140388b64 relative=0x0000000000000aa4
Event: 0.900 Thread 0x000002e195ad7770 Uncommon trap: reason=class_check action=maybe_recompile pc=0x000002e140388b64 method=java.util.HashMap.putVal(ILjava/lang/Object;Ljava/lang/Object;ZZ)Ljava/lang/Object; @ 91 c2
Event: 0.900 Thread 0x000002e195ad7770 DEOPT PACKING pc=0x000002e140388b64 sp=0x000000f27b3fda00
Event: 0.900 Thread 0x000002e195ad7770 DEOPT UNPACKING pc=0x000002e13fdf7da2 sp=0x000000f27b3fd9a0 mode 2
Event: 0.905 Thread 0x000002e195ad7770 Uncommon trap: trap_request=0xffffff45 fr.pc=0x000002e1403da790 relative=0x00000000000001d0
Event: 0.905 Thread 0x000002e195ad7770 Uncommon trap: reason=unstable_if action=reinterpret pc=0x000002e1403da790 method=java.util.HashMap.getNode(Ljava/lang/Object;)Ljava/util/HashMap$Node; @ 66 c2
Event: 0.905 Thread 0x000002e195ad7770 DEOPT PACKING pc=0x000002e1403da790 sp=0x000000f27b3fdb90
Event: 0.905 Thread 0x000002e195ad7770 DEOPT UNPACKING pc=0x000002e13fdf7da2 sp=0x000000f27b3fdaa0 mode 2
Event: 0.905 Thread 0x000002e195ad7770 Uncommon trap: trap_request=0xffffff45 fr.pc=0x000002e1403d8ef4 relative=0x00000000000001b4
Event: 0.905 Thread 0x000002e195ad7770 Uncommon trap: reason=unstable_if action=reinterpret pc=0x000002e1403d8ef4 method=java.util.HashMap.getNode(Ljava/lang/Object;)Ljava/util/HashMap$Node; @ 66 c2
Event: 0.905 Thread 0x000002e195ad7770 DEOPT PACKING pc=0x000002e1403d8ef4 sp=0x000000f27b3fdae0
Event: 0.905 Thread 0x000002e195ad7770 DEOPT UNPACKING pc=0x000002e13fdf7da2 sp=0x000000f27b3fda60 mode 2

Classes loaded (20 events):
Event: 0.939 Loading class sun/reflect/generics/tree/FormalTypeParameter
Event: 0.939 Loading class sun/reflect/generics/tree/FormalTypeParameter done
Event: 0.940 Loading class sun/reflect/generics/tree/MethodTypeSignature
Event: 0.940 Loading class sun/reflect/generics/tree/Signature
Event: 0.940 Loading class sun/reflect/generics/tree/Signature done
Event: 0.940 Loading class sun/reflect/generics/tree/MethodTypeSignature done
Event: 0.940 Loading class sun/reflect/generics/reflectiveObjects/ParameterizedTypeImpl
Event: 0.940 Loading class java/lang/reflect/ParameterizedType
Event: 0.940 Loading class java/lang/reflect/ParameterizedType done
Event: 0.940 Loading class sun/reflect/generics/reflectiveObjects/ParameterizedTypeImpl done
Event: 0.940 Loading class sun/reflect/generics/repository/ClassRepository
Event: 0.940 Loading class sun/reflect/generics/repository/ClassRepository done
Event: 0.940 Loading class sun/reflect/generics/tree/ClassSignature
Event: 0.940 Loading class sun/reflect/generics/tree/ClassSignature done
Event: 0.940 Loading class sun/reflect/generics/tree/TypeVariableSignature
Event: 0.940 Loading class sun/reflect/generics/tree/TypeVariableSignature done
Event: 0.940 Loading class sun/reflect/generics/reflectiveObjects/TypeVariableImpl
Event: 0.940 Loading class sun/reflect/generics/reflectiveObjects/LazyReflectiveObjectGenerator
Event: 0.940 Loading class sun/reflect/generics/reflectiveObjects/LazyReflectiveObjectGenerator done
Event: 0.940 Loading class sun/reflect/generics/reflectiveObjects/TypeVariableImpl done

Classes unloaded (0 events):
No events

Classes redefined (0 events):
No events

Internal exceptions (20 events):
Event: 0.696 Thread 0x000002e195ad7770 Exception <a 'java/lang/ClassNotFoundException'{0x000000071250d5b0}: com/sun/glass/ui/win/themes_ii_Yiii_CN> (0x000000071250d5b0) 
thrown [s\open\src\hotspot\share\prims\jni.cpp, line 539]
Event: 0.696 Thread 0x000002e195ad7770 Exception <a 'java/lang/ClassNotFoundException'{0x000000071250e5d0}: com/sun/glass/ui/win/themes_mas_TZ> (0x000000071250e5d0) 
thrown [s\open\src\hotspot\share\prims\jni.cpp, line 539]
Event: 0.696 Thread 0x000002e195ad7770 Exception <a 'java/lang/ClassNotFoundException'{0x000000071250f9f8}: com/sun/glass/ui/win/themes_ms_BN> (0x000000071250f9f8) 
thrown [s\open\src\hotspot\share\prims\jni.cpp, line 539]
Event: 0.696 Thread 0x000002e195ad7770 Exception <a 'java/lang/ClassNotFoundException'{0x0000000712510c38}: com/sun/glass/ui/win/themes_ccp_IN> (0x0000000712510c38) 
thrown [s\open\src\hotspot\share\prims\jni.cpp, line 539]
Event: 0.706 Thread 0x000002e195ad7770 Exception <a 'sun/nio/fs/WindowsException'{0x0000000712566f48}> (0x0000000712566f48) 
thrown [s\open\src\hotspot\share\prims\jni.cpp, line 520]
Event: 0.748 Thread 0x000002e195ad7770 Exception <a 'java/lang/NoSuchMethodError'{0x00000007121551d0}: 'java.lang.Object java.lang.invoke.DirectMethodHandle$Holder.invokeStaticInit(java.lang.Object, java.lang.Object, java.lang.Object, java.lang.Object)'> (0x00000007121551d0) 
thrown [s\open\src\hotspot\share\interpreter\linkResolver.cpp, line 773]
Event: 0.749 Thread 0x000002e195ad7770 Exception <a 'java/lang/NullPointerException'{0x000000071216e168}> (0x000000071216e168) 
thrown [s\open\src\hotspot\share\interpreter\linkResolver.cpp, line 1372]
Event: 0.889 Thread 0x000002e195ad7770 Exception <a 'java/lang/NoSuchMethodError'{0x00000007114ee7a0}: 'void java.lang.invoke.DirectMethodHandle$Holder.invokeStaticInit(java.lang.Object, java.lang.Object)'> (0x00000007114ee7a0) 
thrown [s\open\src\hotspot\share\interpreter\linkResolver.cpp, line 773]
Event: 0.907 Thread 0x000002e195ad7770 Exception <a 'java/lang/NoSuchMethodError'{0x00000007115a44e8}: 'double java.lang.invoke.DelegatingMethodHandle$Holder.reinvoke_L(java.lang.Object, java.lang.Object, int)'> (0x00000007115a44e8) 
thrown [s\open\src\hotspot\share\interpreter\linkResolver.cpp, line 773]
Event: 0.908 Thread 0x000002e195ad7770 Exception <a 'java/lang/NoSuchMethodError'{0x00000007115b5f58}: 'java.lang.Object java.lang.invoke.DirectMethodHandle$Holder.invokeStatic(java.lang.Object, java.lang.Object, java.lang.Object, java.lang.Object, int)'> (0x00000007115b5f58) 
thrown [s\open\src\hotspot\share\interpreter\linkResolver.cpp, line 773]
Event: 0.909 Thread 0x000002e195ad7770 Exception <a 'java/lang/NoSuchMethodError'{0x00000007115c13e8}: 'java.lang.Object java.lang.invoke.DelegatingMethodHandle$Holder.reinvoke_L(java.lang.Object, double, double, double, double)'> (0x00000007115c13e8) 
thrown [s\open\src\hotspot\share\interpreter\linkResolver.cpp, line 773]
Event: 0.912 Thread 0x000002e195ad7770 Exception <a 'java/lang/NoSuchMethodError'{0x00000007115cf908}: 'java.lang.Object java.lang.invoke.DirectMethodHandle$Holder.invokeStatic(java.lang.Object, java.lang.Object, int)'> (0x00000007115cf908) 
thrown [s\open\src\hotspot\share\interpreter\linkResolver.cpp, line 773]
Event: 0.912 Thread 0x000002e195ad7770 Exception <a 'java/lang/NoSuchMethodError'{0x00000007115d3d20}: 'void java.lang.invoke.DirectMethodHandle$Holder.invokeStatic(java.lang.Object, java.lang.Object, int, java.lang.Object)'> (0x00000007115d3d20) 
thrown [s\open\src\hotspot\share\interpreter\linkResolver.cpp, line 773]
Event: 0.913 Thread 0x000002e195ad7770 Exception <a 'java/lang/NoSuchMethodError'{0x00000007115da7b0}: 'void java.lang.invoke.DelegatingMethodHandle$Holder.delegate(java.lang.Object, java.lang.Object, int, java.lang.Object)'> (0x00000007115da7b0) 
thrown [s\open\src\hotspot\share\interpreter\linkResolver.cpp, line 773]
Event: 0.914 Thread 0x000002e195ad7770 Exception <a 'java/lang/NoSuchMethodError'{0x00000007115de528}: 'int java.lang.invoke.DirectMethodHandle$Holder.invokeSpecial(java.lang.Object, java.lang.Object, java.lang.Object)'> (0x00000007115de528) 
thrown [s\open\src\hotspot\share\interpreter\linkResolver.cpp, line 773]
Event: 0.921 Thread 0x000002e195ad7770 Exception <a 'java/lang/NoSuchMethodError'{0x000000071120e0b0}: 'java.lang.Object java.lang.invoke.Invokers$Holder.invokeExact_MT(java.lang.Object, java.lang.Object, java.lang.Object, java.lang.Object, java.lang.Object)'> (0x000000071120e0b0) 
thrown [s\open\src\hotspot\share\interpreter\linkResolver.cpp, line 773]
Event: 0.934 Thread 0x000002e195ad7770 Exception <a 'java/lang/NoSuchMethodError'{0x00000007112c5a88}: 'void java.lang.invoke.DirectMethodHandle$Holder.invokeSpecial(java.lang.Object, java.lang.Object, double)'> (0x00000007112c5a88) 
thrown [s\open\src\hotspot\share\interpreter\linkResolver.cpp, line 773]
Event: 0.935 Thread 0x000002e195ad7770 Exception <a 'java/lang/NoSuchMethodError'{0x00000007112ccf30}: 'void java.lang.invoke.DelegatingMethodHandle$Holder.reinvoke_L(java.lang.Object, java.lang.Object, double)'> (0x00000007112ccf30) 
thrown [s\open\src\hotspot\share\interpreter\linkResolver.cpp, line 773]
Event: 0.944 Thread 0x000002e195ad7770 Exception <a 'java/lang/NoSuchMethodError'{0x0000000711318258}: 'void java.lang.invoke.Invokers$Holder.invokeExact_MT(java.lang.Object, java.lang.Object, java.lang.Object, java.lang.Object)'> (0x0000000711318258) 
thrown [s\open\src\hotspot\share\interpreter\linkResolver.cpp, line 773]
Event: 0.960 Thread 0x000002e195ad7770 Exception <a 'sun/nio/fs/WindowsException'{0x00000007113880f8}> (0x00000007113880f8) 
thrown [s\open\src\hotspot\share\prims\jni.cpp, line 520]

ZGC Phase Switch (0 events):
No events

VM Operations (18 events):
Event: 0.118 Executing VM operation: HandshakeAllThreads (Deoptimize)
Event: 0.118 Executing VM operation: HandshakeAllThreads (Deoptimize) done
Event: 0.180 Executing VM operation: HandshakeAllThreads (Deoptimize)
Event: 0.180 Executing VM operation: HandshakeAllThreads (Deoptimize) done
Event: 0.349 Executing VM operation: HandshakeAllThreads (Deoptimize)
Event: 0.349 Executing VM operation: HandshakeAllThreads (Deoptimize) done
Event: 0.501 Executing VM operation: G1CollectForAllocation (G1 Evacuation Pause)
Event: 0.504 Executing VM operation: G1CollectForAllocation (G1 Evacuation Pause) done
Event: 0.517 Executing VM operation: HandshakeAllThreads (Deoptimize)
Event: 0.517 Executing VM operation: HandshakeAllThreads (Deoptimize) done
Event: 0.817 Executing VM operation: HandshakeAllThreads (Deoptimize)
Event: 0.817 Executing VM operation: HandshakeAllThreads (Deoptimize) done
Event: 0.895 Executing VM operation: ICBufferFull
Event: 0.895 Executing VM operation: ICBufferFull done
Event: 0.906 Executing VM operation: HandshakeAllThreads (Deoptimize)
Event: 0.906 Executing VM operation: HandshakeAllThreads (Deoptimize) done
Event: 0.911 Executing VM operation: HandshakeAllThreads (Deoptimize)
Event: 0.911 Executing VM operation: HandshakeAllThreads (Deoptimize) done

Events (20 events):
Event: 0.024 Thread 0x000002e12e9d9590 Thread added: 0x000002e12e9d9590
Event: 0.038 Thread 0x000002e14fcb13f0 Thread added: 0x000002e14fcb13f0
Event: 0.038 Thread 0x000002e14fcb1e40 Thread added: 0x000002e14fcb1e40
Event: 0.038 Thread 0x000002e14fcb3dc0 Thread added: 0x000002e14fcb3dc0
Event: 0.039 Thread 0x000002e14fcb4940 Thread added: 0x000002e14fcb4940
Event: 0.039 Thread 0x000002e14fcb7ef0 Thread added: 0x000002e14fcb7ef0
Event: 0.039 Thread 0x000002e14fcba560 Thread added: 0x000002e14fcba560
Event: 0.039 Thread 0x000002e14fcbb7c0 Thread added: 0x000002e14fcbb7c0
Event: 0.039 Thread 0x000002e14fcc3630 Thread added: 0x000002e14fcc3630
Event: 0.064 Thread 0x000002e1950c8df0 Thread added: 0x000002e1950c8df0
Event: 0.140 Thread 0x000002e195155000 Thread added: 0x000002e195155000
Event: 0.143 Thread 0x000002e195173760 Thread added: 0x000002e195173760
Event: 0.193 Thread 0x000002e1959ffce0 Thread added: 0x000002e1959ffce0
Event: 0.314 Thread 0x000002e1957df220 Thread added: 0x000002e1957df220
Event: 0.355 Thread 0x000002e19584ef40 Thread added: 0x000002e19584ef40
Event: 0.359 Thread 0x000002e195ad7770 Thread added: 0x000002e195ad7770
Event: 0.376 Thread 0x000002e195173760 Thread exited: 0x000002e195173760
Event: 0.475 Thread 0x000002e195c2df50 Thread added: 0x000002e195c2df50
Event: 0.475 Thread 0x000002e195b8f440 Thread added: 0x000002e195b8f440
Event: 0.554 Thread 0x000002e195d1a300 Thread added: 0x000002e195d1a300


Dynamic libraries:
0x00007ff6bdc80000 - 0x00007ff6bdc90000 	C:\Program Files\Java\jdk-21\bin\javaw.exe
0x00007ff9ce010000 - 0x00007ff9ce227000 	C:\WINDOWS\SYSTEM32\ntdll.dll
0x00007ff9cd9e0000 - 0x00007ff9cdaa4000 	C:\WINDOWS\System32\KERNEL32.DLL
0x00007ff9cb5c0000 - 0x00007ff9cb979000 	C:\WINDOWS\System32\KERNELBASE.dll
0x00007ff9cbc10000 - 0x00007ff9cbd21000 	C:\WINDOWS\System32\ucrtbase.dll
0x00007ff9bf7b0000 - 0x00007ff9bf7c9000 	C:\Program Files\Java\jdk-21\bin\jli.dll
0x00007ff9cd860000 - 0x00007ff9cd912000 	C:\WINDOWS\System32\ADVAPI32.dll
0x00007ff9cbd30000 - 0x00007ff9cbdd7000 	C:\WINDOWS\System32\msvcrt.dll
0x00007ff9cdf20000 - 0x00007ff9cdfc7000 	C:\WINDOWS\System32\sechost.dll
0x00007ff9bf510000 - 0x00007ff9bf52b000 	C:\Program Files\Java\jdk-21\bin\VCRUNTIME140.dll
0x00007ff9cbb70000 - 0x00007ff9cbb98000 	C:\WINDOWS\System32\bcrypt.dll
0x00007ff9cc840000 - 0x00007ff9cc954000 	C:\WINDOWS\System32\RPCRT4.dll
0x00007ff9cc550000 - 0x00007ff9cc6fe000 	C:\WINDOWS\System32\USER32.dll
0x00007ff9cb980000 - 0x00007ff9cb9a6000 	C:\WINDOWS\System32\win32u.dll
0x00007ff9b5630000 - 0x00007ff9b58c2000 	C:\WINDOWS\WinSxS\amd64_microsoft.windows.common-controls_6595b64144ccf1df_6.0.22621.4391_none_2715d37f73803e96\COMCTL32.dll
0x00007ff9cdef0000 - 0x00007ff9cdf19000 	C:\WINDOWS\System32\GDI32.dll
0x00007ff9cb9b0000 - 0x00007ff9cbacb000 	C:\WINDOWS\System32\gdi32full.dll
0x00007ff9cbad0000 - 0x00007ff9cbb6a000 	C:\WINDOWS\System32\msvcp_win.dll
0x00007ff9c69f0000 - 0x00007ff9c69fa000 	C:\WINDOWS\SYSTEM32\VERSION.dll
0x00007ff9cc800000 - 0x00007ff9cc831000 	C:\WINDOWS\System32\IMM32.DLL
0x00007ff9bf4c0000 - 0x00007ff9bf4cc000 	C:\Program Files\Java\jdk-21\bin\vcruntime140_1.dll
0x00007ff990040000 - 0x00007ff9900ce000 	C:\Program Files\Java\jdk-21\bin\msvcp140.dll
0x00007ff98c630000 - 0x00007ff98d348000 	C:\Program Files\Java\jdk-21\bin\server\jvm.dll
0x00007ff9cc960000 - 0x00007ff9cc9d1000 	C:\WINDOWS\System32\WS2_32.dll
0x00007ff9ca160000 - 0x00007ff9ca1ad000 	C:\WINDOWS\SYSTEM32\POWRPROF.dll
0x00007ff9c5660000 - 0x00007ff9c5694000 	C:\WINDOWS\SYSTEM32\WINMM.dll
0x00007ff9ca140000 - 0x00007ff9ca153000 	C:\WINDOWS\SYSTEM32\UMPDC.dll
0x00007ff9ca400000 - 0x00007ff9ca418000 	C:\WINDOWS\SYSTEM32\kernel.appcore.dll
0x00007ff9bf4b0000 - 0x00007ff9bf4ba000 	C:\Program Files\Java\jdk-21\bin\jimage.dll
0x00007ff9c8af0000 - 0x00007ff9c8d22000 	C:\WINDOWS\SYSTEM32\DBGHELP.DLL
0x00007ff9cd420000 - 0x00007ff9cd7af000 	C:\WINDOWS\System32\combase.dll
0x00007ff9cdac0000 - 0x00007ff9cdb97000 	C:\WINDOWS\System32\OLEAUT32.dll
0x00007ff9c0df0000 - 0x00007ff9c0e22000 	C:\WINDOWS\SYSTEM32\dbgcore.DLL
0x00007ff9cb310000 - 0x00007ff9cb38b000 	C:\WINDOWS\System32\bcryptPrimitives.dll
0x00007ff9a9370000 - 0x00007ff9a938f000 	C:\Program Files\Java\jdk-21\bin\java.dll
0x00007ff9ccba0000 - 0x00007ff9cd416000 	C:\WINDOWS\System32\SHELL32.dll
0x00007ff9c9090000 - 0x00007ff9c9993000 	C:\WINDOWS\SYSTEM32\windows.storage.dll
0x00007ff9c99e0000 - 0x00007ff9c9b1f000 	C:\WINDOWS\SYSTEM32\wintypes.dll
0x00007ff9cdc90000 - 0x00007ff9cdd89000 	C:\WINDOWS\System32\SHCORE.dll
0x00007ff9cd980000 - 0x00007ff9cd9de000 	C:\WINDOWS\System32\shlwapi.dll
0x00007ff9cb240000 - 0x00007ff9cb26b000 	C:\WINDOWS\SYSTEM32\profapi.dll
0x00007ff98ff60000 - 0x00007ff990037000 	C:\Program Files\Java\jdk-21\bin\jsvml.dll
0x00007ff9ab6d0000 - 0x00007ff9ab6e0000 	C:\Program Files\Java\jdk-21\bin\net.dll
0x00007ff9c6c40000 - 0x00007ff9c6d76000 	C:\WINDOWS\SYSTEM32\WINHTTP.dll
0x00007ff9ca870000 - 0x00007ff9ca8d9000 	C:\WINDOWS\system32\mswsock.dll
0x00007ff9a9350000 - 0x00007ff9a9366000 	C:\Program Files\Java\jdk-21\bin\nio.dll
0x00007ff9a9330000 - 0x00007ff9a9348000 	C:\Program Files\Java\jdk-21\bin\zip.dll
0x000002e12ece0000 - 0x000002e12ece3000 	C:\JavaFX\javafx\javafx-sdk-23.0.1\bin\api-ms-win-core-console-l1-1-0.dll
0x000002e12ecf0000 - 0x000002e12ecf3000 	C:\JavaFX\javafx\javafx-sdk-23.0.1\bin\api-ms-win-core-console-l1-2-0.dll
0x000002e14fe10000 - 0x000002e14fe13000 	C:\JavaFX\javafx\javafx-sdk-23.0.1\bin\api-ms-win-core-datetime-l1-1-0.dll
0x000002e14fe20000 - 0x000002e14fe23000 	C:\JavaFX\javafx\javafx-sdk-23.0.1\bin\api-ms-win-core-debug-l1-1-0.dll
0x000002e14fe30000 - 0x000002e14fe33000 	C:\JavaFX\javafx\javafx-sdk-23.0.1\bin\api-ms-win-core-errorhandling-l1-1-0.dll
0x000002e14fe40000 - 0x000002e14fe44000 	C:\JavaFX\javafx\javafx-sdk-23.0.1\bin\api-ms-win-core-file-l1-1-0.dll
0x000002e14fe50000 - 0x000002e14fe53000 	C:\JavaFX\javafx\javafx-sdk-23.0.1\bin\api-ms-win-core-file-l1-2-0.dll
0x000002e14fe60000 - 0x000002e14fe63000 	C:\JavaFX\javafx\javafx-sdk-23.0.1\bin\api-ms-win-core-file-l2-1-0.dll
0x000002e14fe70000 - 0x000002e14fe73000 	C:\JavaFX\javafx\javafx-sdk-23.0.1\bin\api-ms-win-core-handle-l1-1-0.dll
0x000002e14fe80000 - 0x000002e14fe83000 	C:\JavaFX\javafx\javafx-sdk-23.0.1\bin\api-ms-win-core-heap-l1-1-0.dll
0x000002e14fe90000 - 0x000002e14fe93000 	C:\JavaFX\javafx\javafx-sdk-23.0.1\bin\api-ms-win-core-interlocked-l1-1-0.dll
0x000002e14fea0000 - 0x000002e14fea3000 	C:\JavaFX\javafx\javafx-sdk-23.0.1\bin\api-ms-win-core-libraryloader-l1-1-0.dll
0x000002e14feb0000 - 0x000002e14feb3000 	C:\JavaFX\javafx\javafx-sdk-23.0.1\bin\api-ms-win-core-localization-l1-2-0.dll
0x000002e14fec0000 - 0x000002e14fec3000 	C:\JavaFX\javafx\javafx-sdk-23.0.1\bin\api-ms-win-core-memory-l1-1-0.dll
0x000002e14fed0000 - 0x000002e14fed3000 	C:\JavaFX\javafx\javafx-sdk-23.0.1\bin\api-ms-win-core-namedpipe-l1-1-0.dll
0x000002e14fee0000 - 0x000002e14fee3000 	C:\JavaFX\javafx\javafx-sdk-23.0.1\bin\api-ms-win-core-processenvironment-l1-1-0.dll
0x000002e14fef0000 - 0x000002e14fef3000 	C:\JavaFX\javafx\javafx-sdk-23.0.1\bin\api-ms-win-core-processthreads-l1-1-0.dll
0x000002e14ff00000 - 0x000002e14ff03000 	C:\JavaFX\javafx\javafx-sdk-23.0.1\bin\api-ms-win-core-processthreads-l1-1-1.dll
0x000002e14ff10000 - 0x000002e14ff13000 	C:\JavaFX\javafx\javafx-sdk-23.0.1\bin\api-ms-win-core-profile-l1-1-0.dll
0x000002e14ff20000 - 0x000002e14ff23000 	C:\JavaFX\javafx\javafx-sdk-23.0.1\bin\api-ms-win-core-rtlsupport-l1-1-0.dll
0x000002e14ff30000 - 0x000002e14ff33000 	C:\JavaFX\javafx\javafx-sdk-23.0.1\bin\api-ms-win-core-string-l1-1-0.dll
0x000002e14ff40000 - 0x000002e14ff43000 	C:\JavaFX\javafx\javafx-sdk-23.0.1\bin\api-ms-win-core-synch-l1-1-0.dll
0x000002e14ff50000 - 0x000002e14ff53000 	C:\JavaFX\javafx\javafx-sdk-23.0.1\bin\api-ms-win-core-synch-l1-2-0.dll
0x000002e14ff60000 - 0x000002e14ff63000 	C:\JavaFX\javafx\javafx-sdk-23.0.1\bin\api-ms-win-core-sysinfo-l1-1-0.dll
0x000002e14ff70000 - 0x000002e14ff73000 	C:\JavaFX\javafx\javafx-sdk-23.0.1\bin\api-ms-win-core-timezone-l1-1-0.dll
0x000002e14ff80000 - 0x000002e14ff83000 	C:\JavaFX\javafx\javafx-sdk-23.0.1\bin\api-ms-win-core-util-l1-1-0.dll
0x000002e14ff90000 - 0x000002e14ff93000 	C:\JavaFX\javafx\javafx-sdk-23.0.1\bin\api-ms-win-crt-conio-l1-1-0.dll
0x000002e14ffa0000 - 0x000002e14ffa4000 	C:\JavaFX\javafx\javafx-sdk-23.0.1\bin\api-ms-win-crt-convert-l1-1-0.dll
0x000002e14ffb0000 - 0x000002e14ffb3000 	C:\JavaFX\javafx\javafx-sdk-23.0.1\bin\api-ms-win-crt-environment-l1-1-0.dll
0x000002e14ffc0000 - 0x000002e14ffc3000 	C:\JavaFX\javafx\javafx-sdk-23.0.1\bin\api-ms-win-crt-filesystem-l1-1-0.dll
0x000002e14ffd0000 - 0x000002e14ffd3000 	C:\JavaFX\javafx\javafx-sdk-23.0.1\bin\api-ms-win-crt-heap-l1-1-0.dll
0x000002e14ffe0000 - 0x000002e14ffe3000 	C:\JavaFX\javafx\javafx-sdk-23.0.1\bin\api-ms-win-crt-locale-l1-1-0.dll
0x000002e14fff0000 - 0x000002e14fff5000 	C:\JavaFX\javafx\javafx-sdk-23.0.1\bin\api-ms-win-crt-math-l1-1-0.dll
0x000002e196bd0000 - 0x000002e196bd5000 	C:\JavaFX\javafx\javafx-sdk-23.0.1\bin\api-ms-win-crt-multibyte-l1-1-0.dll
0x000002e196be0000 - 0x000002e196bf0000 	C:\JavaFX\javafx\javafx-sdk-23.0.1\bin\api-ms-win-crt-private-l1-1-0.dll
0x000002e196bf0000 - 0x000002e196bf3000 	C:\JavaFX\javafx\javafx-sdk-23.0.1\bin\api-ms-win-crt-process-l1-1-0.dll
0x000002e196c00000 - 0x000002e196c04000 	C:\JavaFX\javafx\javafx-sdk-23.0.1\bin\api-ms-win-crt-runtime-l1-1-0.dll
0x000002e196c10000 - 0x000002e196c14000 	C:\JavaFX\javafx\javafx-sdk-23.0.1\bin\api-ms-win-crt-stdio-l1-1-0.dll
0x000002e196c20000 - 0x000002e196c24000 	C:\JavaFX\javafx\javafx-sdk-23.0.1\bin\api-ms-win-crt-string-l1-1-0.dll
0x000002e196c30000 - 0x000002e196c33000 	C:\JavaFX\javafx\javafx-sdk-23.0.1\bin\api-ms-win-crt-time-l1-1-0.dll
0x000002e196c40000 - 0x000002e196c43000 	C:\JavaFX\javafx\javafx-sdk-23.0.1\bin\api-ms-win-crt-utility-l1-1-0.dll
0x00007ff98fd60000 - 0x00007ff98fe5c000 	C:\JavaFX\javafx\javafx-sdk-23.0.1\bin\ucrtbase.dll
0x00007ff9a91b0000 - 0x00007ff9a91cb000 	C:\JavaFX\javafx\javafx-sdk-23.0.1\bin\vcruntime140.dll
0x00007ff9ab690000 - 0x00007ff9ab69c000 	C:\JavaFX\javafx\javafx-sdk-23.0.1\bin\vcruntime140_1.dll
0x00007ff98edf0000 - 0x00007ff98ee7e000 	C:\JavaFX\javafx\javafx-sdk-23.0.1\bin\msvcp140.dll
0x00007ff9a9320000 - 0x00007ff9a9329000 	C:\JavaFX\javafx\javafx-sdk-23.0.1\bin\msvcp140_1.dll
0x00007ff9a8a60000 - 0x00007ff9a8aa1000 	C:\JavaFX\javafx\javafx-sdk-23.0.1\bin\msvcp140_2.dll
0x00007ff9a8810000 - 0x00007ff9a8840000 	C:\JavaFX\javafx\javafx-sdk-23.0.1\bin\prism_d3d.dll
0x00007ff99abe0000 - 0x00007ff99ad88000 	C:\WINDOWS\system32\d3d9.dll
0x00007ff9c8590000 - 0x00007ff9c85bb000 	C:\WINDOWS\SYSTEM32\dwmapi.dll
0x00007ff9c8440000 - 0x00007ff9c8477000 	C:\WINDOWS\SYSTEM32\dxcore.dll
0x00007ff9c8320000 - 0x00007ff9c83d1000 	C:\WINDOWS\system32\uxtheme.dll
0x00007ff96ccb0000 - 0x00007ff96cf1f000 	C:\WINDOWS\System32\DriverStore\FileRepository\iigd_dch.inf_amd64_03e2a5c7c3b3fa7c\igdumdim64.dll
0x00007ff9cbde0000 - 0x00007ff9cbf85000 	C:\WINDOWS\System32\ole32.dll
0x00007ff94f6a0000 - 0x00007ff950bc3000 	C:\WINDOWS\System32\DriverStore\FileRepository\iigd_dch.inf_amd64_03e2a5c7c3b3fa7c\igd9dxva64.dll
0x00007ff9cc0c0000 - 0x00007ff9cc534000 	C:\WINDOWS\System32\SETUPAPI.dll
0x00007ff9cb000000 - 0x00007ff9cb04e000 	C:\WINDOWS\SYSTEM32\cfgmgr32.dll
0x00007ff9770a0000 - 0x00007ff978dcb000 	C:\WINDOWS\System32\DriverStore\FileRepository\iigd_dch.inf_amd64_03e2a5c7c3b3fa7c\media_bin_64.dll
0x00007ff9bc570000 - 0x00007ff9bc9af000 	C:\WINDOWS\System32\DriverStore\FileRepository\iigd_dch.inf_amd64_03e2a5c7c3b3fa7c\igdgmm64.dll
0x00007ff9c2920000 - 0x00007ff9c2969000 	C:\WINDOWS\SYSTEM32\directxdatabasehelper.dll
0x00007ff98ff10000 - 0x00007ff98ff55000 	C:\JavaFX\javafx\javafx-sdk-23.0.1\bin\glass.dll
0x00007ff9cbfa0000 - 0x00007ff9cc09f000 	C:\WINDOWS\System32\COMDLG32.dll
0x00007ff9cdd90000 - 0x00007ff9cdef0000 	C:\WINDOWS\System32\MSCTF.dll
0x00007ff9cabc0000 - 0x00007ff9cabdb000 	C:\WINDOWS\SYSTEM32\CRYPTSP.dll
0x00007ff9ca360000 - 0x00007ff9ca395000 	C:\WINDOWS\system32\rsaenh.dll
0x00007ff9caba0000 - 0x00007ff9cabac000 	C:\WINDOWS\SYSTEM32\CRYPTBASE.dll
0x00007ff9cd7b0000 - 0x00007ff9cd860000 	C:\WINDOWS\System32\clbcatq.dll
0x00007ff9bf130000 - 0x00007ff9bf2a9000 	C:\Windows\System32\Windows.UI.dll
0x00007ff9a4d60000 - 0x00007ff9a4ed5000 	C:\Windows\System32\Windows.UI.Immersive.dll
0x00007ff9a8b00000 - 0x00007ff9a8b15000 	C:\JavaFX\javafx\javafx-sdk-23.0.1\bin\javafx_font.dll
0x00007ff9c3be0000 - 0x00007ff9c3e53000 	C:\WINDOWS\SYSTEM32\dwrite.dll

dbghelp: loaded successfully - version: 4.0.5 - missing functions: none
symbol engine: initialized successfully - sym options: 0x614 - pdb path: .;C:\Program Files\Java\jdk-21\bin;C:\WINDOWS\SYSTEM32;C:\WINDOWS\WinSxS\amd64_microsoft.windows.common-controls_6595b64144ccf1df_6.0.22621.4391_none_2715d37f73803e96;C:\Program Files\Java\jdk-21\bin\server;C:\JavaFX\javafx\javafx-sdk-23.0.1\bin;C:\WINDOWS\System32\DriverStore\FileRepository\iigd_dch.inf_amd64_03e2a5c7c3b3fa7c

VM Arguments:
jvm_args: --module-path=C:\JavaFX\javafx\javafx-sdk-23.0.1\lib --add-modules=javafx.controls,javafx.fxml -Dfile.encoding=UTF-8 --module-path=C:\Users\Bonjour\eclipse-workspace\KezibriHabib\bin;C:\JavaFX\javafx\javafx-sdk-23.0.1\lib\javafx-swt.jar;C:\JavaFX\javafx\javafx-sdk-23.0.1\lib\javafx.base.jar;C:\JavaFX\javafx\javafx-sdk-23.0.1\lib\javafx.controls.jar;C:\JavaFX\javafx\javafx-sdk-23.0.1\lib\javafx.fxml.jar;C:\JavaFX\javafx\javafx-sdk-23.0.1\lib\javafx.graphics.jar;C:\JavaFX\javafx\javafx-sdk-23.0.1\lib\javafx.media.jar;C:\JavaFX\javafx\javafx-sdk-23.0.1\lib\javafx.swing.jar;C:\JavaFX\javafx\javafx-sdk-23.0.1\lib\javafx.web.jar;C:\Users\Bonjour\.p2\pool\plugins\org.eclipse.fx.ide.css.jfx8_3.10.0.202303150700.jar;C:\JDBC\mysql-connector-j-9.1.0\mysql-connector-j-9.1.0\mysql-connector-j-9.1.0.jar -XX:+ShowCodeDetailsInExceptionMessages -Djdk.module.main=test 
java_command: test/application.Main
java_class_path (initial): <not set>
Launcher Type: SUN_STANDARD

[Global flags]
     intx CICompilerCount                          = 4                                         {product} {ergonomic}
     uint ConcGCThreads                            = 2                                         {product} {ergonomic}
     uint G1ConcRefinementThreads                  = 8                                         {product} {ergonomic}
   size_t G1HeapRegionSize                         = 2097152                                   {product} {ergonomic}
    uintx GCDrainStackTargetSize                   = 64                                        {product} {ergonomic}
   size_t InitialHeapSize                          = 266338304                                 {product} {ergonomic}
   size_t MarkStackSize                            = 4194304                                   {product} {ergonomic}
   size_t MaxHeapSize                              = 4242538496                                {product} {ergonomic}
   size_t MaxNewSize                               = 2543845376                                {product} {ergonomic}
   size_t MinHeapDeltaBytes                        = 2097152                                   {product} {ergonomic}
   size_t MinHeapSize                              = 8388608                                   {product} {ergonomic}
    uintx NonNMethodCodeHeapSize                   = 5839372                                {pd product} {ergonomic}
    uintx NonProfiledCodeHeapSize                  = 122909434                              {pd product} {ergonomic}
    uintx ProfiledCodeHeapSize                     = 122909434                              {pd product} {ergonomic}
    uintx ReservedCodeCacheSize                    = 251658240                              {pd product} {ergonomic}
     bool SegmentedCodeCache                       = true                                      {product} {ergonomic}
     bool ShowCodeDetailsInExceptionMessages       = true                                   {manageable} {command line}
   size_t SoftMaxHeapSize                          = 4242538496                             {manageable} {ergonomic}
     bool UseCompressedOops                        = true                           {product lp64_product} {ergonomic}
     bool UseG1GC                                  = true                                      {product} {ergonomic}
     bool UseLargePagesIndividualAllocation        = false                                  {pd product} {ergonomic}

Logging:
Log output configuration:
 #0: stdout all=warning uptime,level,tags foldmultilines=false
 #1: stderr all=off uptime,level,tags foldmultilines=false

Environment Variables:
JAVA_HOME=C:\Program Files\Java\jdk-21
PATH=C:/Users/Bonjour/.p2/pool/plugins/org.eclipse.justj.openjdk.hotspot.jre.full.win32.x86_64_17.0.5.v20221102-0933/jre/bin/server;C:/Users/Bonjour/.p2/pool/plugins/org.eclipse.justj.openjdk.hotspot.jre.full.win32.x86_64_17.0.5.v20221102-0933/jre/bin;C:\Program Files\Common Files\Oracle\Java\javapath;C:\Program Files (x86)\Common Files\Oracle\Java\javapath;C:\ProgramData\Oracle\Java\javapath;C:\WINDOWS\system32;C:\WINDOWS;C:\WINDOWS\System32\Wbem;C:\WINDOWS\System32\WindowsPowerShell\v1.0\;C:\WINDOWS\System32\OpenSSH\;C:\Program Files\nodejs\;C:\Users\Bonjour\AppData\Local\Android\Sdk;C:\Users\Bonjour\AppData\Local\Android\Sdk\platform-tools;C:\Program Files\PostgreSQL\17\bin;C:\Program Files\Docker\Docker\resources\bin;C:\Program Files\Java\jdk-21\bin;C:\Program Files\Git\cmd;C:\Program Files\MySQL\MySQL Shell 8.0\bin\;C:\Users\Bonjour\AppData\Local\Programs\Python\Python310\Scripts\;C:\Users\Bonjour\AppData\Local\Programs\Python\Python310\;C:\Users\Bonjour\AppData\Local\Microsoft\WindowsApps;C:\Users\Bonjour\AppData\Local\Programs\Microsoft VS Code\bin;C:\src\flutter\bin;C:\ProgramData\Oracle\Java\javapath;C:\Users\Bonjour\AppData\Roaming\npm;C:\Users\Bonjour\AppData\Local\Android\Sdk;C:\Users\Bonjour\AppData\Local\Android\Sdk\platform-tools;C:\MinGW\bin;;C:\WINDOWS\System32;
USERNAME=Hiba
OS=Windows_NT
PROCESSOR_IDENTIFIER=Intel64 Family 6 Model 140 Stepping 1, GenuineIntel
TMP=C:\Users\Bonjour\AppData\Local\Temp
TEMP=C:\Users\Bonjour\AppData\Local\Temp




Periodic native trim disabled

---------------  S Y S T E M  ---------------

OS:
 Windows 11 , 64 bit Build 22621 (10.0.22621.4391)
OS uptime: 2 days 14:09 hours
Hyper-V role detected

CPU: total 8 (initial active 8) (4 cores per cpu, 2 threads per core) family 6 model 140 stepping 1 microcode 0x86, cx8, cmov, fxsr, ht, mmx, 3dnowpref, sse, sse2, sse3, ssse3, sse4.1, sse4.2, popcnt, lzcnt, tsc, tscinvbit, avx, avx2, aes, erms, clmul, bmi1, bmi2, adx, avx512f, avx512dq, avx512cd, avx512bw, avx512vl, sha, fma, vzeroupper, avx512_vpopcntdq, avx512_vpclmulqdq, avx512_vaes, avx512_vnni, clflush, clflushopt, clwb, avx512_vbmi2, avx512_vbmi, hv, rdtscp, rdpid, fsrm, gfni, avx512_bitalg, f16c, cet_ibt, cet_ss, avx512_ifma
Processor Information for processor 0
  Max Mhz: 2419, Current Mhz: 2419, Mhz Limit: 2419
Processor Information for processor 1
  Max Mhz: 2419, Current Mhz: 1007, Mhz Limit: 2419
Processor Information for processor 2
  Max Mhz: 2419, Current Mhz: 2419, Mhz Limit: 2419
Processor Information for processor 3
  Max Mhz: 2419, Current Mhz: 2419, Mhz Limit: 2419
Processor Information for processor 4
  Max Mhz: 2419, Current Mhz: 2419, Mhz Limit: 2419
Processor Information for processor 5
  Max Mhz: 2419, Current Mhz: 2419, Mhz Limit: 2419
Processor Information for processor 6
  Max Mhz: 2419, Current Mhz: 2419, Mhz Limit: 2419
Processor Information for processor 7
  Max Mhz: 2419, Current Mhz: 2419, Mhz Limit: 2419

Memory: 4k page, system-wide physical 16183M (5117M free)
TotalPageFile size 16183M (AvailPageFile size 5M)
current process WorkingSet (physical memory assigned to process): 110M, peak: 110M
current process commit charge ("private bytes"): 381M, peak: 382M

vm_info: Java HotSpot(TM) 64-Bit Server VM (21.0.5+9-LTS-239) for windows-amd64 JRE (21.0.5+9-LTS-239), built on 2024-09-30T05:17:38Z by "mach5one" with MS VC++ 17.6 (VS2022)

END.
